# JRE version: Java(TM) SE Runtime Environment (8.0_101-b13) (build 1.8.0_101-b13)
# Java VM: Java HotSpot(TM) 64-Bit Server VM (25.101-b13 mixed mode linux-amd64 compressed oops)
Heap:
 PSYoungGen      total 67584K, used 49785K [0x00000000ec100000, 0x00000000f4800000, 0x0000000100000000)
  eden space 61440K, 81% used [0x00000000ec100000,0x00000000ef19e7d8,0x00000000efd00000)
  from space 6144K, 0% used [0x00000000efd00000,0x00000000efd00000,0x00000000f0300000)
  to   space 7680K, 0% used [0x00000000f4080000,0x00000000f4080000,0x00000000f4800000)
 ParOldGen       total 36864K, used 10821K [0x00000000c4200000, 0x00000000c6600000, 0x00000000ec100000)
  object space 36864K, 29% used [0x00000000c4200000,0x00000000c4c915c8,0x00000000c6600000)
 Metaspace       used 30448K, capacity 31148K, committed 31488K, reserved 1077248K
  class space    used 3806K, capacity 4021K, committed 4096K, reserved 1048576K
GC Heap History (10 events):
Event: 1,169 GC heap before
{Heap before GC invocations=4 (full 0):
 PSYoungGen      total 17920K, used 17920K [0x00000000ec100000, 0x00000000ee400000, 0x0000000100000000)
  eden space 15360K, 100% used [0x00000000ec100000,0x00000000ed000000,0x00000000ed000000)
  from space 2560K, 100% used [0x00000000ed000000,0x00000000ed280000,0x00000000ed280000)
  to   space 2560K, 0% used [0x00000000ee180000,0x00000000ee180000,0x00000000ee400000)
 ParOldGen       total 40960K, used 2516K [0x00000000c4200000, 0x00000000c6a00000, 0x00000000ec100000)
  object space 40960K, 6% used [0x00000000c4200000,0x00000000c44751f0,0x00000000c6a00000)
 Metaspace       used 12958K, capacity 13324K, committed 13568K, reserved 1060864K
  class space    used 1600K, capacity 1691K, committed 1792K, reserved 1048576K
Event: 1,178 GC heap after
Heap after GC invocations=4 (full 0):
 PSYoungGen      total 33280K, used 2528K [0x00000000ec100000, 0x00000000ee400000, 0x0000000100000000)
  eden space 30720K, 0% used [0x00000000ec100000,0x00000000ec100000,0x00000000edf00000)
  from space 2560K, 98% used [0x00000000ee180000,0x00000000ee3f8020,0x00000000ee400000)
  to   space 2560K, 0% used [0x00000000edf00000,0x00000000edf00000,0x00000000ee180000)
 ParOldGen       total 40960K, used 5010K [0x00000000c4200000, 0x00000000c6a00000, 0x00000000ec100000)
  object space 40960K, 12% used [0x00000000c4200000,0x00000000c46e4a80,0x00000000c6a00000)
 Metaspace       used 12958K, capacity 13324K, committed 13568K, reserved 1060864K
  class space    used 1600K, capacity 1691K, committed 1792K, reserved 1048576K
}
Event: 1,592 GC heap before
{Heap before GC invocations=5 (full 0):
 PSYoungGen      total 33280K, used 33248K [0x00000000ec100000, 0x00000000ee400000, 0x0000000100000000)
  eden space 30720K, 100% used [0x00000000ec100000,0x00000000edf00000,0x00000000edf00000)
  from space 2560K, 98% used [0x00000000ee180000,0x00000000ee3f8020,0x00000000ee400000)
  to   space 2560K, 0% used [0x00000000edf00000,0x00000000edf00000,0x00000000ee180000)
 ParOldGen       total 40960K, used 5010K [0x00000000c4200000, 0x00000000c6a00000, 0x00000000ec100000)
  object space 40960K, 12% used [0x00000000c4200000,0x00000000c46e4a80,0x00000000c6a00000)
 Metaspace       used 13724K, capacity 14140K, committed 14464K, reserved 1062912K
  class space    used 1677K, capacity 1831K, committed 1920K, reserved 1048576K
Event: 1,601 GC heap after
Heap after GC invocations=5 (full 0):
 PSYoungGen      total 33280K, used 2528K [0x00000000ec100000, 0x00000000f0900000, 0x0000000100000000)
  eden space 30720K, 0% used [0x00000000ec100000,0x00000000ec100000,0x00000000edf00000)
  from space 2560K, 98% used [0x00000000edf00000,0x00000000ee178020,0x00000000ee180000)
  to   space 6144K, 0% used [0x00000000f0300000,0x00000000f0300000,0x00000000f0900000)
 ParOldGen       total 40960K, used 7606K [0x00000000c4200000, 0x00000000c6a00000, 0x00000000ec100000)
  object space 40960K, 18% used [0x00000000c4200000,0x00000000c496dbd8,0x00000000c6a00000)
 Metaspace       used 13724K, capacity 14140K, committed 14464K, reserved 1062912K
  class space    used 1677K, capacity 1831K, committed 1920K, reserved 1048576K
}
Event: 1,943 GC heap before
{Heap before GC invocations=6 (full 0):
 PSYoungGen      total 33280K, used 33248K [0x00000000ec100000, 0x00000000f0900000, 0x0000000100000000)
  eden space 30720K, 100% used [0x00000000ec100000,0x00000000edf00000,0x00000000edf00000)
  from space 2560K, 98% used [0x00000000edf00000,0x00000000ee178020,0x00000000ee180000)
  to   space 6144K, 0% used [0x00000000f0300000,0x00000000f0300000,0x00000000f0900000)
 ParOldGen       total 40960K, used 7606K [0x00000000c4200000, 0x00000000c6a00000, 0x00000000ec100000)
  object space 40960K, 18% used [0x00000000c4200000,0x00000000c496dbd8,0x00000000c6a00000)
 Metaspace       used 14638K, capacity 15148K, committed 15232K, reserved 1062912K
  class space    used 1762K, capacity 1906K, committed 1920K, reserved 1048576K
Event: 1,954 GC heap after
Heap after GC invocations=6 (full 0):
 PSYoungGen      total 67584K, used 4765K [0x00000000ec100000, 0x00000000f0900000, 0x0000000100000000)
  eden space 61440K, 0% used [0x00000000ec100000,0x00000000ec100000,0x00000000efd00000)
  from space 6144K, 77% used [0x00000000f0300000,0x00000000f07a75b0,0x00000000f0900000)
  to   space 6144K, 0% used [0x00000000efd00000,0x00000000efd00000,0x00000000f0300000)
 ParOldGen       total 40960K, used 7614K [0x00000000c4200000, 0x00000000c6a00000, 0x00000000ec100000)
  object space 40960K, 18% used [0x00000000c4200000,0x00000000c496fbd8,0x00000000c6a00000)
 Metaspace       used 14638K, capacity 15148K, committed 15232K, reserved 1062912K
  class space    used 1762K, capacity 1906K, committed 1920K, reserved 1048576K
}
Event: 2,575 GC heap before
{Heap before GC invocations=7 (full 0):
 PSYoungGen      total 67584K, used 27160K [0x00000000ec100000, 0x00000000f0900000, 0x0000000100000000)
  eden space 61440K, 36% used [0x00000000ec100000,0x00000000ed6dedf0,0x00000000efd00000)
  from space 6144K, 77% used [0x00000000f0300000,0x00000000f07a75b0,0x00000000f0900000)
  to   space 6144K, 0% used [0x00000000efd00000,0x00000000efd00000,0x00000000f0300000)
 ParOldGen       total 40960K, used 7614K [0x00000000c4200000, 0x00000000c6a00000, 0x00000000ec100000)
  object space 40960K, 18% used [0x00000000c4200000,0x00000000c496fbd8,0x00000000c6a00000)
 Metaspace       used 20520K, capacity 21120K, committed 21296K, reserved 1069056K
  class space    used 2432K, capacity 2662K, committed 2688K, reserved 1048576K
Event: 2,587 GC heap after
Heap after GC invocations=7 (full 0):
 PSYoungGen      total 67584K, used 6125K [0x00000000ec100000, 0x00000000f4800000, 0x0000000100000000)
  eden space 61440K, 0% used [0x00000000ec100000,0x00000000ec100000,0x00000000efd00000)
  from space 6144K, 99% used [0x00000000efd00000,0x00000000f02fb6e8,0x00000000f0300000)
  to   space 7680K, 0% used [0x00000000f4080000,0x00000000f4080000,0x00000000f4800000)
 ParOldGen       total 40960K, used 8418K [0x00000000c4200000, 0x00000000c6a00000, 0x00000000ec100000)
  object space 40960K, 20% used [0x00000000c4200000,0x00000000c4a38be0,0x00000000c6a00000)
 Metaspace       used 20520K, capacity 21120K, committed 21296K, reserved 1069056K
  class space    used 2432K, capacity 2662K, committed 2688K, reserved 1048576K
}
Event: 2,587 GC heap before
{Heap before GC invocations=8 (full 1):
 PSYoungGen      total 67584K, used 6125K [0x00000000ec100000, 0x00000000f4800000, 0x0000000100000000)
  eden space 61440K, 0% used [0x00000000ec100000,0x00000000ec100000,0x00000000efd00000)
  from space 6144K, 99% used [0x00000000efd00000,0x00000000f02fb6e8,0x00000000f0300000)
  to   space 7680K, 0% used [0x00000000f4080000,0x00000000f4080000,0x00000000f4800000)
 ParOldGen       total 40960K, used 8418K [0x00000000c4200000, 0x00000000c6a00000, 0x00000000ec100000)
  object space 40960K, 20% used [0x00000000c4200000,0x00000000c4a38be0,0x00000000c6a00000)
 Metaspace       used 20520K, capacity 21120K, committed 21296K, reserved 1069056K
  class space    used 2432K, capacity 2662K, committed 2688K, reserved 1048576K
Event: 2,631 GC heap after
Heap after GC invocations=8 (full 1):
 PSYoungGen      total 67584K, used 0K [0x00000000ec100000, 0x00000000f4800000, 0x0000000100000000)
  eden space 61440K, 0% used [0x00000000ec100000,0x00000000ec100000,0x00000000efd00000)
  from space 6144K, 0% used [0x00000000efd00000,0x00000000efd00000,0x00000000f0300000)
  to   space 7680K, 0% used [0x00000000f4080000,0x00000000f4080000,0x00000000f4800000)
 ParOldGen       total 36864K, used 10821K [0x00000000c4200000, 0x00000000c6600000, 0x00000000ec100000)
  object space 36864K, 29% used [0x00000000c4200000,0x00000000c4c915c8,0x00000000c6600000)
 Metaspace       used 20520K, capacity 21120K, committed 21296K, reserved 1069056K
  class space    used 2432K, capacity 2662K, committed 2688K, reserved 1048576K
}

